ARM GAS  C:\Users\kotaro\AppData\Local\Temp\cc7oDtbZ.s 			page 1


   1              		.cpu cortex-m4
   2              		.eabi_attribute 27, 1
   3              		.eabi_attribute 28, 1
   4              		.eabi_attribute 20, 1
   5              		.eabi_attribute 21, 1
   6              		.eabi_attribute 23, 3
   7              		.eabi_attribute 24, 1
   8              		.eabi_attribute 25, 1
   9              		.eabi_attribute 26, 1
  10              		.eabi_attribute 30, 1
  11              		.eabi_attribute 34, 1
  12              		.eabi_attribute 18, 4
  13              		.file	"adc.c"
  14              		.text
  15              	.Ltext0:
  16              		.cfi_sections	.debug_frame
  17              		.section	.text.MX_ADC1_Init,"ax",%progbits
  18              		.align	1
  19              		.global	MX_ADC1_Init
  20              		.syntax unified
  21              		.thumb
  22              		.thumb_func
  23              		.fpu fpv4-sp-d16
  25              	MX_ADC1_Init:
  26              	.LFB126:
  27              		.file 1 "Src/adc.c"
   1:Src/adc.c     **** /**
   2:Src/adc.c     ****   ******************************************************************************
   3:Src/adc.c     ****   * File Name          : ADC.c
   4:Src/adc.c     ****   * Description        : This file provides code for the configuration
   5:Src/adc.c     ****   *                      of the ADC instances.
   6:Src/adc.c     ****   ******************************************************************************
   7:Src/adc.c     ****   ** This notice applies to any and all portions of this file
   8:Src/adc.c     ****   * that are not between comment pairs USER CODE BEGIN and
   9:Src/adc.c     ****   * USER CODE END. Other portions of this file, whether 
  10:Src/adc.c     ****   * inserted by the user or by software development tools
  11:Src/adc.c     ****   * are owned by their respective copyright owners.
  12:Src/adc.c     ****   *
  13:Src/adc.c     ****   * COPYRIGHT(c) 2019 STMicroelectronics
  14:Src/adc.c     ****   *
  15:Src/adc.c     ****   * Redistribution and use in source and binary forms, with or without modification,
  16:Src/adc.c     ****   * are permitted provided that the following conditions are met:
  17:Src/adc.c     ****   *   1. Redistributions of source code must retain the above copyright notice,
  18:Src/adc.c     ****   *      this list of conditions and the following disclaimer.
  19:Src/adc.c     ****   *   2. Redistributions in binary form must reproduce the above copyright notice,
  20:Src/adc.c     ****   *      this list of conditions and the following disclaimer in the documentation
  21:Src/adc.c     ****   *      and/or other materials provided with the distribution.
  22:Src/adc.c     ****   *   3. Neither the name of STMicroelectronics nor the names of its contributors
  23:Src/adc.c     ****   *      may be used to endorse or promote products derived from this software
  24:Src/adc.c     ****   *      without specific prior written permission.
  25:Src/adc.c     ****   *
  26:Src/adc.c     ****   * THIS SOFTWARE IS PROVIDED BY THE COPYRIGHT HOLDERS AND CONTRIBUTORS "AS IS"
  27:Src/adc.c     ****   * AND ANY EXPRESS OR IMPLIED WARRANTIES, INCLUDING, BUT NOT LIMITED TO, THE
  28:Src/adc.c     ****   * IMPLIED WARRANTIES OF MERCHANTABILITY AND FITNESS FOR A PARTICULAR PURPOSE ARE
  29:Src/adc.c     ****   * DISCLAIMED. IN NO EVENT SHALL THE COPYRIGHT HOLDER OR CONTRIBUTORS BE LIABLE
  30:Src/adc.c     ****   * FOR ANY DIRECT, INDIRECT, INCIDENTAL, SPECIAL, EXEMPLARY, OR CONSEQUENTIAL
  31:Src/adc.c     ****   * DAMAGES (INCLUDING, BUT NOT LIMITED TO, PROCUREMENT OF SUBSTITUTE GOODS OR
ARM GAS  C:\Users\kotaro\AppData\Local\Temp\cc7oDtbZ.s 			page 2


  32:Src/adc.c     ****   * SERVICES; LOSS OF USE, DATA, OR PROFITS; OR BUSINESS INTERRUPTION) HOWEVER
  33:Src/adc.c     ****   * CAUSED AND ON ANY THEORY OF LIABILITY, WHETHER IN CONTRACT, STRICT LIABILITY,
  34:Src/adc.c     ****   * OR TORT (INCLUDING NEGLIGENCE OR OTHERWISE) ARISING IN ANY WAY OUT OF THE USE
  35:Src/adc.c     ****   * OF THIS SOFTWARE, EVEN IF ADVISED OF THE POSSIBILITY OF SUCH DAMAGE.
  36:Src/adc.c     ****   *
  37:Src/adc.c     ****   ******************************************************************************
  38:Src/adc.c     ****   */
  39:Src/adc.c     **** 
  40:Src/adc.c     **** /* Includes ------------------------------------------------------------------*/
  41:Src/adc.c     **** #include "adc.h"
  42:Src/adc.c     **** 
  43:Src/adc.c     **** #include "gpio.h"
  44:Src/adc.c     **** #include "dma.h"
  45:Src/adc.c     **** 
  46:Src/adc.c     **** /* USER CODE BEGIN 0 */
  47:Src/adc.c     **** 
  48:Src/adc.c     **** /* USER CODE END 0 */
  49:Src/adc.c     **** 
  50:Src/adc.c     **** ADC_HandleTypeDef hadc1;
  51:Src/adc.c     **** ADC_HandleTypeDef hadc2;
  52:Src/adc.c     **** DMA_HandleTypeDef hdma_adc1;
  53:Src/adc.c     **** 
  54:Src/adc.c     **** /* ADC1 init function */
  55:Src/adc.c     **** void MX_ADC1_Init(void)
  56:Src/adc.c     **** {
  28              		.loc 1 56 0
  29              		.cfi_startproc
  30              		@ args = 0, pretend = 0, frame = 16
  31              		@ frame_needed = 0, uses_anonymous_args = 0
  32 0000 00B5     		push	{lr}
  33              	.LCFI0:
  34              		.cfi_def_cfa_offset 4
  35              		.cfi_offset 14, -4
  36 0002 85B0     		sub	sp, sp, #20
  37              	.LCFI1:
  38              		.cfi_def_cfa_offset 24
  57:Src/adc.c     ****   ADC_ChannelConfTypeDef sConfig;
  58:Src/adc.c     **** 
  59:Src/adc.c     ****     /**Configure the global features of the ADC (Clock, Resolution, Data Alignment and number of co
  60:Src/adc.c     ****     */
  61:Src/adc.c     ****   hadc1.Instance = ADC1;
  39              		.loc 1 61 0
  40 0004 2C48     		ldr	r0, .L13
  41 0006 2D4B     		ldr	r3, .L13+4
  42 0008 0360     		str	r3, [r0]
  62:Src/adc.c     ****   hadc1.Init.ClockPrescaler = ADC_CLOCK_SYNC_PCLK_DIV4;
  43              		.loc 1 62 0
  44 000a 4FF48033 		mov	r3, #65536
  45 000e 4360     		str	r3, [r0, #4]
  63:Src/adc.c     ****   hadc1.Init.Resolution = ADC_RESOLUTION_10B;
  46              		.loc 1 63 0
  47 0010 4FF08073 		mov	r3, #16777216
  48 0014 8360     		str	r3, [r0, #8]
  64:Src/adc.c     ****   hadc1.Init.ScanConvMode = ENABLE;
  49              		.loc 1 64 0
  50 0016 0123     		movs	r3, #1
  51 0018 0361     		str	r3, [r0, #16]
ARM GAS  C:\Users\kotaro\AppData\Local\Temp\cc7oDtbZ.s 			page 3


  65:Src/adc.c     ****   hadc1.Init.ContinuousConvMode = ENABLE;
  52              		.loc 1 65 0
  53 001a 8361     		str	r3, [r0, #24]
  66:Src/adc.c     ****   hadc1.Init.DiscontinuousConvMode = DISABLE;
  54              		.loc 1 66 0
  55 001c 0022     		movs	r2, #0
  56 001e 0262     		str	r2, [r0, #32]
  67:Src/adc.c     ****   hadc1.Init.ExternalTrigConvEdge = ADC_EXTERNALTRIGCONVEDGE_NONE;
  57              		.loc 1 67 0
  58 0020 C262     		str	r2, [r0, #44]
  68:Src/adc.c     ****   hadc1.Init.ExternalTrigConv = ADC_SOFTWARE_START;
  59              		.loc 1 68 0
  60 0022 2749     		ldr	r1, .L13+8
  61 0024 8162     		str	r1, [r0, #40]
  69:Src/adc.c     ****   hadc1.Init.DataAlign = ADC_DATAALIGN_RIGHT;
  62              		.loc 1 69 0
  63 0026 C260     		str	r2, [r0, #12]
  70:Src/adc.c     ****   hadc1.Init.NbrOfConversion = 4;
  64              		.loc 1 70 0
  65 0028 0422     		movs	r2, #4
  66 002a C261     		str	r2, [r0, #28]
  71:Src/adc.c     ****   hadc1.Init.DMAContinuousRequests = ENABLE;
  67              		.loc 1 71 0
  68 002c 0363     		str	r3, [r0, #48]
  72:Src/adc.c     ****   hadc1.Init.EOCSelection = ADC_EOC_SINGLE_CONV;
  69              		.loc 1 72 0
  70 002e 4361     		str	r3, [r0, #20]
  73:Src/adc.c     ****   if (HAL_ADC_Init(&hadc1) != HAL_OK)
  71              		.loc 1 73 0
  72 0030 FFF7FEFF 		bl	HAL_ADC_Init
  73              	.LVL0:
  74 0034 38BB     		cbnz	r0, .L8
  75              	.L2:
  74:Src/adc.c     ****   {
  75:Src/adc.c     ****     _Error_Handler(__FILE__, __LINE__);
  76:Src/adc.c     ****   }
  77:Src/adc.c     **** 
  78:Src/adc.c     ****     /**Configure for the selected ADC regular channel its corresponding rank in the sequencer and i
  79:Src/adc.c     ****     */
  80:Src/adc.c     ****   sConfig.Channel = ADC_CHANNEL_0;
  76              		.loc 1 80 0
  77 0036 0023     		movs	r3, #0
  78 0038 0093     		str	r3, [sp]
  81:Src/adc.c     ****   sConfig.Rank = 1;
  79              		.loc 1 81 0
  80 003a 0122     		movs	r2, #1
  81 003c 0192     		str	r2, [sp, #4]
  82:Src/adc.c     ****   sConfig.SamplingTime = ADC_SAMPLETIME_3CYCLES;
  82              		.loc 1 82 0
  83 003e 0293     		str	r3, [sp, #8]
  83:Src/adc.c     ****   if (HAL_ADC_ConfigChannel(&hadc1, &sConfig) != HAL_OK)
  84              		.loc 1 83 0
  85 0040 6946     		mov	r1, sp
  86 0042 1D48     		ldr	r0, .L13
  87 0044 FFF7FEFF 		bl	HAL_ADC_ConfigChannel
  88              	.LVL1:
  89 0048 10BB     		cbnz	r0, .L9
ARM GAS  C:\Users\kotaro\AppData\Local\Temp\cc7oDtbZ.s 			page 4


  90              	.L3:
  84:Src/adc.c     ****   {
  85:Src/adc.c     ****     _Error_Handler(__FILE__, __LINE__);
  86:Src/adc.c     ****   }
  87:Src/adc.c     **** 
  88:Src/adc.c     ****     /**Configure for the selected ADC regular channel its corresponding rank in the sequencer and i
  89:Src/adc.c     ****     */
  90:Src/adc.c     ****   sConfig.Channel = ADC_CHANNEL_1;
  91              		.loc 1 90 0
  92 004a 0123     		movs	r3, #1
  93 004c 0093     		str	r3, [sp]
  91:Src/adc.c     ****   sConfig.Rank = 2;
  94              		.loc 1 91 0
  95 004e 0223     		movs	r3, #2
  96 0050 0193     		str	r3, [sp, #4]
  92:Src/adc.c     ****   if (HAL_ADC_ConfigChannel(&hadc1, &sConfig) != HAL_OK)
  97              		.loc 1 92 0
  98 0052 6946     		mov	r1, sp
  99 0054 1848     		ldr	r0, .L13
 100 0056 FFF7FEFF 		bl	HAL_ADC_ConfigChannel
 101              	.LVL2:
 102 005a F0B9     		cbnz	r0, .L10
 103              	.L4:
  93:Src/adc.c     ****   {
  94:Src/adc.c     ****     _Error_Handler(__FILE__, __LINE__);
  95:Src/adc.c     ****   }
  96:Src/adc.c     **** 
  97:Src/adc.c     ****     /**Configure for the selected ADC regular channel its corresponding rank in the sequencer and i
  98:Src/adc.c     ****     */
  99:Src/adc.c     ****   sConfig.Channel = ADC_CHANNEL_2;
 104              		.loc 1 99 0
 105 005c 0223     		movs	r3, #2
 106 005e 0093     		str	r3, [sp]
 100:Src/adc.c     ****   sConfig.Rank = 3;
 107              		.loc 1 100 0
 108 0060 0323     		movs	r3, #3
 109 0062 0193     		str	r3, [sp, #4]
 101:Src/adc.c     ****   if (HAL_ADC_ConfigChannel(&hadc1, &sConfig) != HAL_OK)
 110              		.loc 1 101 0
 111 0064 6946     		mov	r1, sp
 112 0066 1448     		ldr	r0, .L13
 113 0068 FFF7FEFF 		bl	HAL_ADC_ConfigChannel
 114              	.LVL3:
 115 006c D0B9     		cbnz	r0, .L11
 116              	.L5:
 102:Src/adc.c     ****   {
 103:Src/adc.c     ****     _Error_Handler(__FILE__, __LINE__);
 104:Src/adc.c     ****   }
 105:Src/adc.c     **** 
 106:Src/adc.c     ****     /**Configure for the selected ADC regular channel its corresponding rank in the sequencer and i
 107:Src/adc.c     ****     */
 108:Src/adc.c     ****   sConfig.Channel = ADC_CHANNEL_3;
 117              		.loc 1 108 0
 118 006e 0323     		movs	r3, #3
 119 0070 0093     		str	r3, [sp]
 109:Src/adc.c     ****   sConfig.Rank = 4;
 120              		.loc 1 109 0
ARM GAS  C:\Users\kotaro\AppData\Local\Temp\cc7oDtbZ.s 			page 5


 121 0072 0423     		movs	r3, #4
 122 0074 0193     		str	r3, [sp, #4]
 110:Src/adc.c     ****   if (HAL_ADC_ConfigChannel(&hadc1, &sConfig) != HAL_OK)
 123              		.loc 1 110 0
 124 0076 6946     		mov	r1, sp
 125 0078 0F48     		ldr	r0, .L13
 126 007a FFF7FEFF 		bl	HAL_ADC_ConfigChannel
 127              	.LVL4:
 128 007e B0B9     		cbnz	r0, .L12
 129              	.L1:
 111:Src/adc.c     ****   {
 112:Src/adc.c     ****     _Error_Handler(__FILE__, __LINE__);
 113:Src/adc.c     ****   }
 114:Src/adc.c     **** 
 115:Src/adc.c     **** }
 130              		.loc 1 115 0
 131 0080 05B0     		add	sp, sp, #20
 132              	.LCFI2:
 133              		.cfi_remember_state
 134              		.cfi_def_cfa_offset 4
 135              		@ sp needed
 136 0082 5DF804FB 		ldr	pc, [sp], #4
 137              	.L8:
 138              	.LCFI3:
 139              		.cfi_restore_state
  75:Src/adc.c     ****   }
 140              		.loc 1 75 0
 141 0086 4B21     		movs	r1, #75
 142 0088 0E48     		ldr	r0, .L13+12
 143 008a FFF7FEFF 		bl	_Error_Handler
 144              	.LVL5:
 145 008e D2E7     		b	.L2
 146              	.L9:
  85:Src/adc.c     ****   }
 147              		.loc 1 85 0
 148 0090 5521     		movs	r1, #85
 149 0092 0C48     		ldr	r0, .L13+12
 150 0094 FFF7FEFF 		bl	_Error_Handler
 151              	.LVL6:
 152 0098 D7E7     		b	.L3
 153              	.L10:
  94:Src/adc.c     ****   }
 154              		.loc 1 94 0
 155 009a 5E21     		movs	r1, #94
 156 009c 0948     		ldr	r0, .L13+12
 157 009e FFF7FEFF 		bl	_Error_Handler
 158              	.LVL7:
 159 00a2 DBE7     		b	.L4
 160              	.L11:
 103:Src/adc.c     ****   }
 161              		.loc 1 103 0
 162 00a4 6721     		movs	r1, #103
 163 00a6 0748     		ldr	r0, .L13+12
 164 00a8 FFF7FEFF 		bl	_Error_Handler
 165              	.LVL8:
 166 00ac DFE7     		b	.L5
 167              	.L12:
ARM GAS  C:\Users\kotaro\AppData\Local\Temp\cc7oDtbZ.s 			page 6


 112:Src/adc.c     ****   }
 168              		.loc 1 112 0
 169 00ae 7021     		movs	r1, #112
 170 00b0 0448     		ldr	r0, .L13+12
 171 00b2 FFF7FEFF 		bl	_Error_Handler
 172              	.LVL9:
 173              		.loc 1 115 0
 174 00b6 E3E7     		b	.L1
 175              	.L14:
 176              		.align	2
 177              	.L13:
 178 00b8 00000000 		.word	hadc1
 179 00bc 00200140 		.word	1073815552
 180 00c0 0100000F 		.word	251658241
 181 00c4 00000000 		.word	.LC0
 182              		.cfi_endproc
 183              	.LFE126:
 185              		.section	.text.MX_ADC2_Init,"ax",%progbits
 186              		.align	1
 187              		.global	MX_ADC2_Init
 188              		.syntax unified
 189              		.thumb
 190              		.thumb_func
 191              		.fpu fpv4-sp-d16
 193              	MX_ADC2_Init:
 194              	.LFB127:
 116:Src/adc.c     **** /* ADC2 init function */
 117:Src/adc.c     **** void MX_ADC2_Init(void)
 118:Src/adc.c     **** {
 195              		.loc 1 118 0
 196              		.cfi_startproc
 197              		@ args = 0, pretend = 0, frame = 16
 198              		@ frame_needed = 0, uses_anonymous_args = 0
 199 0000 00B5     		push	{lr}
 200              	.LCFI4:
 201              		.cfi_def_cfa_offset 4
 202              		.cfi_offset 14, -4
 203 0002 85B0     		sub	sp, sp, #20
 204              	.LCFI5:
 205              		.cfi_def_cfa_offset 24
 119:Src/adc.c     ****   ADC_ChannelConfTypeDef sConfig;
 120:Src/adc.c     **** 
 121:Src/adc.c     ****     /**Configure the global features of the ADC (Clock, Resolution, Data Alignment and number of co
 122:Src/adc.c     ****     */
 123:Src/adc.c     ****   hadc2.Instance = ADC2;
 206              		.loc 1 123 0
 207 0004 1648     		ldr	r0, .L21
 208 0006 174B     		ldr	r3, .L21+4
 209 0008 0360     		str	r3, [r0]
 124:Src/adc.c     ****   hadc2.Init.ClockPrescaler = ADC_CLOCK_SYNC_PCLK_DIV4;
 210              		.loc 1 124 0
 211 000a 4FF48033 		mov	r3, #65536
 212 000e 4360     		str	r3, [r0, #4]
 125:Src/adc.c     ****   hadc2.Init.Resolution = ADC_RESOLUTION_12B;
 213              		.loc 1 125 0
 214 0010 0023     		movs	r3, #0
 215 0012 8360     		str	r3, [r0, #8]
ARM GAS  C:\Users\kotaro\AppData\Local\Temp\cc7oDtbZ.s 			page 7


 126:Src/adc.c     ****   hadc2.Init.ScanConvMode = DISABLE;
 216              		.loc 1 126 0
 217 0014 0361     		str	r3, [r0, #16]
 127:Src/adc.c     ****   hadc2.Init.ContinuousConvMode = DISABLE;
 218              		.loc 1 127 0
 219 0016 8361     		str	r3, [r0, #24]
 128:Src/adc.c     ****   hadc2.Init.DiscontinuousConvMode = DISABLE;
 220              		.loc 1 128 0
 221 0018 0362     		str	r3, [r0, #32]
 129:Src/adc.c     ****   hadc2.Init.ExternalTrigConvEdge = ADC_EXTERNALTRIGCONVEDGE_NONE;
 222              		.loc 1 129 0
 223 001a C362     		str	r3, [r0, #44]
 130:Src/adc.c     ****   hadc2.Init.ExternalTrigConv = ADC_SOFTWARE_START;
 224              		.loc 1 130 0
 225 001c 124A     		ldr	r2, .L21+8
 226 001e 8262     		str	r2, [r0, #40]
 131:Src/adc.c     ****   hadc2.Init.DataAlign = ADC_DATAALIGN_RIGHT;
 227              		.loc 1 131 0
 228 0020 C360     		str	r3, [r0, #12]
 132:Src/adc.c     ****   hadc2.Init.NbrOfConversion = 1;
 229              		.loc 1 132 0
 230 0022 0122     		movs	r2, #1
 231 0024 C261     		str	r2, [r0, #28]
 133:Src/adc.c     ****   hadc2.Init.DMAContinuousRequests = DISABLE;
 232              		.loc 1 133 0
 233 0026 0363     		str	r3, [r0, #48]
 134:Src/adc.c     ****   hadc2.Init.EOCSelection = ADC_EOC_SINGLE_CONV;
 234              		.loc 1 134 0
 235 0028 4261     		str	r2, [r0, #20]
 135:Src/adc.c     ****   if (HAL_ADC_Init(&hadc2) != HAL_OK)
 236              		.loc 1 135 0
 237 002a FFF7FEFF 		bl	HAL_ADC_Init
 238              	.LVL10:
 239 002e 68B9     		cbnz	r0, .L19
 240              	.L16:
 136:Src/adc.c     ****   {
 137:Src/adc.c     ****     _Error_Handler(__FILE__, __LINE__);
 138:Src/adc.c     ****   }
 139:Src/adc.c     **** 
 140:Src/adc.c     ****     /**Configure for the selected ADC regular channel its corresponding rank in the sequencer and i
 141:Src/adc.c     ****     */
 142:Src/adc.c     ****   sConfig.Channel = ADC_CHANNEL_4;
 241              		.loc 1 142 0
 242 0030 0423     		movs	r3, #4
 243 0032 0093     		str	r3, [sp]
 143:Src/adc.c     ****   sConfig.Rank = 1;
 244              		.loc 1 143 0
 245 0034 0123     		movs	r3, #1
 246 0036 0193     		str	r3, [sp, #4]
 144:Src/adc.c     ****   sConfig.SamplingTime = ADC_SAMPLETIME_28CYCLES;
 247              		.loc 1 144 0
 248 0038 0223     		movs	r3, #2
 249 003a 0293     		str	r3, [sp, #8]
 145:Src/adc.c     ****   if (HAL_ADC_ConfigChannel(&hadc2, &sConfig) != HAL_OK)
 250              		.loc 1 145 0
 251 003c 6946     		mov	r1, sp
 252 003e 0848     		ldr	r0, .L21
ARM GAS  C:\Users\kotaro\AppData\Local\Temp\cc7oDtbZ.s 			page 8


 253 0040 FFF7FEFF 		bl	HAL_ADC_ConfigChannel
 254              	.LVL11:
 255 0044 38B9     		cbnz	r0, .L20
 256              	.L15:
 146:Src/adc.c     ****   {
 147:Src/adc.c     ****     _Error_Handler(__FILE__, __LINE__);
 148:Src/adc.c     ****   }
 149:Src/adc.c     **** 
 150:Src/adc.c     **** }
 257              		.loc 1 150 0
 258 0046 05B0     		add	sp, sp, #20
 259              	.LCFI6:
 260              		.cfi_remember_state
 261              		.cfi_def_cfa_offset 4
 262              		@ sp needed
 263 0048 5DF804FB 		ldr	pc, [sp], #4
 264              	.L19:
 265              	.LCFI7:
 266              		.cfi_restore_state
 137:Src/adc.c     ****   }
 267              		.loc 1 137 0
 268 004c 8921     		movs	r1, #137
 269 004e 0748     		ldr	r0, .L21+12
 270 0050 FFF7FEFF 		bl	_Error_Handler
 271              	.LVL12:
 272 0054 ECE7     		b	.L16
 273              	.L20:
 147:Src/adc.c     ****   }
 274              		.loc 1 147 0
 275 0056 9321     		movs	r1, #147
 276 0058 0448     		ldr	r0, .L21+12
 277 005a FFF7FEFF 		bl	_Error_Handler
 278              	.LVL13:
 279              		.loc 1 150 0
 280 005e F2E7     		b	.L15
 281              	.L22:
 282              		.align	2
 283              	.L21:
 284 0060 00000000 		.word	hadc2
 285 0064 00210140 		.word	1073815808
 286 0068 0100000F 		.word	251658241
 287 006c 00000000 		.word	.LC0
 288              		.cfi_endproc
 289              	.LFE127:
 291              		.section	.text.HAL_ADC_MspInit,"ax",%progbits
 292              		.align	1
 293              		.global	HAL_ADC_MspInit
 294              		.syntax unified
 295              		.thumb
 296              		.thumb_func
 297              		.fpu fpv4-sp-d16
 299              	HAL_ADC_MspInit:
 300              	.LFB128:
 151:Src/adc.c     **** 
 152:Src/adc.c     **** void HAL_ADC_MspInit(ADC_HandleTypeDef* adcHandle)
 153:Src/adc.c     **** {
 301              		.loc 1 153 0
ARM GAS  C:\Users\kotaro\AppData\Local\Temp\cc7oDtbZ.s 			page 9


 302              		.cfi_startproc
 303              		@ args = 0, pretend = 0, frame = 32
 304              		@ frame_needed = 0, uses_anonymous_args = 0
 305              	.LVL14:
 306 0000 30B5     		push	{r4, r5, lr}
 307              	.LCFI8:
 308              		.cfi_def_cfa_offset 12
 309              		.cfi_offset 4, -12
 310              		.cfi_offset 5, -8
 311              		.cfi_offset 14, -4
 312 0002 89B0     		sub	sp, sp, #36
 313              	.LCFI9:
 314              		.cfi_def_cfa_offset 48
 154:Src/adc.c     **** 
 155:Src/adc.c     ****   GPIO_InitTypeDef GPIO_InitStruct;
 156:Src/adc.c     ****   if(adcHandle->Instance==ADC1)
 315              		.loc 1 156 0
 316 0004 0368     		ldr	r3, [r0]
 317 0006 2A4A     		ldr	r2, .L31
 318 0008 9342     		cmp	r3, r2
 319 000a 04D0     		beq	.L28
 157:Src/adc.c     ****   {
 158:Src/adc.c     ****   /* USER CODE BEGIN ADC1_MspInit 0 */
 159:Src/adc.c     **** 
 160:Src/adc.c     ****   /* USER CODE END ADC1_MspInit 0 */
 161:Src/adc.c     ****     /* ADC1 clock enable */
 162:Src/adc.c     ****     __HAL_RCC_ADC1_CLK_ENABLE();
 163:Src/adc.c     ****   
 164:Src/adc.c     ****     /**ADC1 GPIO Configuration    
 165:Src/adc.c     ****     PA0-WKUP     ------> ADC1_IN0
 166:Src/adc.c     ****     PA1     ------> ADC1_IN1
 167:Src/adc.c     ****     PA2     ------> ADC1_IN2
 168:Src/adc.c     ****     PA3     ------> ADC1_IN3 
 169:Src/adc.c     ****     */
 170:Src/adc.c     ****     GPIO_InitStruct.Pin = GPIO_PIN_0|GPIO_PIN_1|GPIO_PIN_2|GPIO_PIN_3;
 171:Src/adc.c     ****     GPIO_InitStruct.Mode = GPIO_MODE_ANALOG;
 172:Src/adc.c     ****     GPIO_InitStruct.Pull = GPIO_NOPULL;
 173:Src/adc.c     ****     HAL_GPIO_Init(GPIOA, &GPIO_InitStruct);
 174:Src/adc.c     **** 
 175:Src/adc.c     ****     /* ADC1 DMA Init */
 176:Src/adc.c     ****     /* ADC1 Init */
 177:Src/adc.c     ****     hdma_adc1.Instance = DMA2_Stream4;
 178:Src/adc.c     ****     hdma_adc1.Init.Channel = DMA_CHANNEL_0;
 179:Src/adc.c     ****     hdma_adc1.Init.Direction = DMA_PERIPH_TO_MEMORY;
 180:Src/adc.c     ****     hdma_adc1.Init.PeriphInc = DMA_PINC_DISABLE;
 181:Src/adc.c     ****     hdma_adc1.Init.MemInc = DMA_MINC_ENABLE;
 182:Src/adc.c     ****     hdma_adc1.Init.PeriphDataAlignment = DMA_PDATAALIGN_HALFWORD;
 183:Src/adc.c     ****     hdma_adc1.Init.MemDataAlignment = DMA_MDATAALIGN_HALFWORD;
 184:Src/adc.c     ****     hdma_adc1.Init.Mode = DMA_NORMAL;
 185:Src/adc.c     ****     hdma_adc1.Init.Priority = DMA_PRIORITY_HIGH;
 186:Src/adc.c     ****     hdma_adc1.Init.FIFOMode = DMA_FIFOMODE_DISABLE;
 187:Src/adc.c     ****     if (HAL_DMA_Init(&hdma_adc1) != HAL_OK)
 188:Src/adc.c     ****     {
 189:Src/adc.c     ****       _Error_Handler(__FILE__, __LINE__);
 190:Src/adc.c     ****     }
 191:Src/adc.c     **** 
 192:Src/adc.c     ****     __HAL_LINKDMA(adcHandle,DMA_Handle,hdma_adc1);
ARM GAS  C:\Users\kotaro\AppData\Local\Temp\cc7oDtbZ.s 			page 10


 193:Src/adc.c     **** 
 194:Src/adc.c     ****   /* USER CODE BEGIN ADC1_MspInit 1 */
 195:Src/adc.c     **** 
 196:Src/adc.c     ****   /* USER CODE END ADC1_MspInit 1 */
 197:Src/adc.c     ****   }
 198:Src/adc.c     ****   else if(adcHandle->Instance==ADC2)
 320              		.loc 1 198 0
 321 000c 294A     		ldr	r2, .L31+4
 322 000e 9342     		cmp	r3, r2
 323 0010 37D0     		beq	.L29
 324              	.LVL15:
 325              	.L23:
 199:Src/adc.c     ****   {
 200:Src/adc.c     ****   /* USER CODE BEGIN ADC2_MspInit 0 */
 201:Src/adc.c     **** 
 202:Src/adc.c     ****   /* USER CODE END ADC2_MspInit 0 */
 203:Src/adc.c     ****     /* ADC2 clock enable */
 204:Src/adc.c     ****     __HAL_RCC_ADC2_CLK_ENABLE();
 205:Src/adc.c     ****   
 206:Src/adc.c     ****     /**ADC2 GPIO Configuration    
 207:Src/adc.c     ****     PA4     ------> ADC2_IN4 
 208:Src/adc.c     ****     */
 209:Src/adc.c     ****     GPIO_InitStruct.Pin = GPIO_PIN_4;
 210:Src/adc.c     ****     GPIO_InitStruct.Mode = GPIO_MODE_ANALOG;
 211:Src/adc.c     ****     GPIO_InitStruct.Pull = GPIO_NOPULL;
 212:Src/adc.c     ****     HAL_GPIO_Init(GPIOA, &GPIO_InitStruct);
 213:Src/adc.c     **** 
 214:Src/adc.c     ****   /* USER CODE BEGIN ADC2_MspInit 1 */
 215:Src/adc.c     **** 
 216:Src/adc.c     ****   /* USER CODE END ADC2_MspInit 1 */
 217:Src/adc.c     ****   }
 218:Src/adc.c     **** }
 326              		.loc 1 218 0
 327 0012 09B0     		add	sp, sp, #36
 328              	.LCFI10:
 329              		.cfi_remember_state
 330              		.cfi_def_cfa_offset 12
 331              		@ sp needed
 332 0014 30BD     		pop	{r4, r5, pc}
 333              	.LVL16:
 334              	.L28:
 335              	.LCFI11:
 336              		.cfi_restore_state
 337 0016 0446     		mov	r4, r0
 338              	.LBB2:
 162:Src/adc.c     ****   
 339              		.loc 1 162 0
 340 0018 0025     		movs	r5, #0
 341 001a 0195     		str	r5, [sp, #4]
 342 001c 264B     		ldr	r3, .L31+8
 343 001e 5A6C     		ldr	r2, [r3, #68]
 344 0020 42F48072 		orr	r2, r2, #256
 345 0024 5A64     		str	r2, [r3, #68]
 346 0026 5B6C     		ldr	r3, [r3, #68]
 347 0028 03F48073 		and	r3, r3, #256
 348 002c 0193     		str	r3, [sp, #4]
 349 002e 019B     		ldr	r3, [sp, #4]
ARM GAS  C:\Users\kotaro\AppData\Local\Temp\cc7oDtbZ.s 			page 11


 350              	.LBE2:
 170:Src/adc.c     ****     GPIO_InitStruct.Mode = GPIO_MODE_ANALOG;
 351              		.loc 1 170 0
 352 0030 0F23     		movs	r3, #15
 353 0032 0393     		str	r3, [sp, #12]
 171:Src/adc.c     ****     GPIO_InitStruct.Pull = GPIO_NOPULL;
 354              		.loc 1 171 0
 355 0034 0323     		movs	r3, #3
 356 0036 0493     		str	r3, [sp, #16]
 172:Src/adc.c     ****     HAL_GPIO_Init(GPIOA, &GPIO_InitStruct);
 357              		.loc 1 172 0
 358 0038 0595     		str	r5, [sp, #20]
 173:Src/adc.c     **** 
 359              		.loc 1 173 0
 360 003a 03A9     		add	r1, sp, #12
 361 003c 1F48     		ldr	r0, .L31+12
 362              	.LVL17:
 363 003e FFF7FEFF 		bl	HAL_GPIO_Init
 364              	.LVL18:
 177:Src/adc.c     ****     hdma_adc1.Init.Channel = DMA_CHANNEL_0;
 365              		.loc 1 177 0
 366 0042 1F48     		ldr	r0, .L31+16
 367 0044 1F4B     		ldr	r3, .L31+20
 368 0046 0360     		str	r3, [r0]
 178:Src/adc.c     ****     hdma_adc1.Init.Direction = DMA_PERIPH_TO_MEMORY;
 369              		.loc 1 178 0
 370 0048 4560     		str	r5, [r0, #4]
 179:Src/adc.c     ****     hdma_adc1.Init.PeriphInc = DMA_PINC_DISABLE;
 371              		.loc 1 179 0
 372 004a 8560     		str	r5, [r0, #8]
 180:Src/adc.c     ****     hdma_adc1.Init.MemInc = DMA_MINC_ENABLE;
 373              		.loc 1 180 0
 374 004c C560     		str	r5, [r0, #12]
 181:Src/adc.c     ****     hdma_adc1.Init.PeriphDataAlignment = DMA_PDATAALIGN_HALFWORD;
 375              		.loc 1 181 0
 376 004e 4FF48063 		mov	r3, #1024
 377 0052 0361     		str	r3, [r0, #16]
 182:Src/adc.c     ****     hdma_adc1.Init.MemDataAlignment = DMA_MDATAALIGN_HALFWORD;
 378              		.loc 1 182 0
 379 0054 4FF40063 		mov	r3, #2048
 380 0058 4361     		str	r3, [r0, #20]
 183:Src/adc.c     ****     hdma_adc1.Init.Mode = DMA_NORMAL;
 381              		.loc 1 183 0
 382 005a 4FF40053 		mov	r3, #8192
 383 005e 8361     		str	r3, [r0, #24]
 184:Src/adc.c     ****     hdma_adc1.Init.Priority = DMA_PRIORITY_HIGH;
 384              		.loc 1 184 0
 385 0060 C561     		str	r5, [r0, #28]
 185:Src/adc.c     ****     hdma_adc1.Init.FIFOMode = DMA_FIFOMODE_DISABLE;
 386              		.loc 1 185 0
 387 0062 4FF40033 		mov	r3, #131072
 388 0066 0362     		str	r3, [r0, #32]
 186:Src/adc.c     ****     if (HAL_DMA_Init(&hdma_adc1) != HAL_OK)
 389              		.loc 1 186 0
 390 0068 4562     		str	r5, [r0, #36]
 187:Src/adc.c     ****     {
 391              		.loc 1 187 0
ARM GAS  C:\Users\kotaro\AppData\Local\Temp\cc7oDtbZ.s 			page 12


 392 006a FFF7FEFF 		bl	HAL_DMA_Init
 393              	.LVL19:
 394 006e 18B9     		cbnz	r0, .L30
 395              	.L25:
 192:Src/adc.c     **** 
 396              		.loc 1 192 0
 397 0070 134B     		ldr	r3, .L31+16
 398 0072 A363     		str	r3, [r4, #56]
 399 0074 9C63     		str	r4, [r3, #56]
 400 0076 CCE7     		b	.L23
 401              	.L30:
 189:Src/adc.c     ****     }
 402              		.loc 1 189 0
 403 0078 BD21     		movs	r1, #189
 404 007a 1348     		ldr	r0, .L31+24
 405 007c FFF7FEFF 		bl	_Error_Handler
 406              	.LVL20:
 407 0080 F6E7     		b	.L25
 408              	.LVL21:
 409              	.L29:
 410              	.LBB3:
 204:Src/adc.c     ****   
 411              		.loc 1 204 0
 412 0082 0021     		movs	r1, #0
 413 0084 0291     		str	r1, [sp, #8]
 414 0086 0C4B     		ldr	r3, .L31+8
 415 0088 5A6C     		ldr	r2, [r3, #68]
 416 008a 42F40072 		orr	r2, r2, #512
 417 008e 5A64     		str	r2, [r3, #68]
 418 0090 5B6C     		ldr	r3, [r3, #68]
 419 0092 03F40073 		and	r3, r3, #512
 420 0096 0293     		str	r3, [sp, #8]
 421 0098 029B     		ldr	r3, [sp, #8]
 422              	.LBE3:
 209:Src/adc.c     ****     GPIO_InitStruct.Mode = GPIO_MODE_ANALOG;
 423              		.loc 1 209 0
 424 009a 1023     		movs	r3, #16
 425 009c 0393     		str	r3, [sp, #12]
 210:Src/adc.c     ****     GPIO_InitStruct.Pull = GPIO_NOPULL;
 426              		.loc 1 210 0
 427 009e 0323     		movs	r3, #3
 428 00a0 0493     		str	r3, [sp, #16]
 211:Src/adc.c     ****     HAL_GPIO_Init(GPIOA, &GPIO_InitStruct);
 429              		.loc 1 211 0
 430 00a2 0591     		str	r1, [sp, #20]
 212:Src/adc.c     **** 
 431              		.loc 1 212 0
 432 00a4 03A9     		add	r1, sp, #12
 433 00a6 0548     		ldr	r0, .L31+12
 434              	.LVL22:
 435 00a8 FFF7FEFF 		bl	HAL_GPIO_Init
 436              	.LVL23:
 437              		.loc 1 218 0
 438 00ac B1E7     		b	.L23
 439              	.L32:
 440 00ae 00BF     		.align	2
 441              	.L31:
ARM GAS  C:\Users\kotaro\AppData\Local\Temp\cc7oDtbZ.s 			page 13


 442 00b0 00200140 		.word	1073815552
 443 00b4 00210140 		.word	1073815808
 444 00b8 00380240 		.word	1073887232
 445 00bc 00000240 		.word	1073872896
 446 00c0 00000000 		.word	hdma_adc1
 447 00c4 70640240 		.word	1073898608
 448 00c8 00000000 		.word	.LC0
 449              		.cfi_endproc
 450              	.LFE128:
 452              		.section	.text.HAL_ADC_MspDeInit,"ax",%progbits
 453              		.align	1
 454              		.global	HAL_ADC_MspDeInit
 455              		.syntax unified
 456              		.thumb
 457              		.thumb_func
 458              		.fpu fpv4-sp-d16
 460              	HAL_ADC_MspDeInit:
 461              	.LFB129:
 219:Src/adc.c     **** 
 220:Src/adc.c     **** void HAL_ADC_MspDeInit(ADC_HandleTypeDef* adcHandle)
 221:Src/adc.c     **** {
 462              		.loc 1 221 0
 463              		.cfi_startproc
 464              		@ args = 0, pretend = 0, frame = 0
 465              		@ frame_needed = 0, uses_anonymous_args = 0
 466              	.LVL24:
 467 0000 10B5     		push	{r4, lr}
 468              	.LCFI12:
 469              		.cfi_def_cfa_offset 8
 470              		.cfi_offset 4, -8
 471              		.cfi_offset 14, -4
 222:Src/adc.c     **** 
 223:Src/adc.c     ****   if(adcHandle->Instance==ADC1)
 472              		.loc 1 223 0
 473 0002 0368     		ldr	r3, [r0]
 474 0004 0F4A     		ldr	r2, .L39
 475 0006 9342     		cmp	r3, r2
 476 0008 03D0     		beq	.L37
 224:Src/adc.c     ****   {
 225:Src/adc.c     ****   /* USER CODE BEGIN ADC1_MspDeInit 0 */
 226:Src/adc.c     **** 
 227:Src/adc.c     ****   /* USER CODE END ADC1_MspDeInit 0 */
 228:Src/adc.c     ****     /* Peripheral clock disable */
 229:Src/adc.c     ****     __HAL_RCC_ADC1_CLK_DISABLE();
 230:Src/adc.c     ****   
 231:Src/adc.c     ****     /**ADC1 GPIO Configuration    
 232:Src/adc.c     ****     PA0-WKUP     ------> ADC1_IN0
 233:Src/adc.c     ****     PA1     ------> ADC1_IN1
 234:Src/adc.c     ****     PA2     ------> ADC1_IN2
 235:Src/adc.c     ****     PA3     ------> ADC1_IN3 
 236:Src/adc.c     ****     */
 237:Src/adc.c     ****     HAL_GPIO_DeInit(GPIOA, GPIO_PIN_0|GPIO_PIN_1|GPIO_PIN_2|GPIO_PIN_3);
 238:Src/adc.c     **** 
 239:Src/adc.c     ****     /* ADC1 DMA DeInit */
 240:Src/adc.c     ****     HAL_DMA_DeInit(adcHandle->DMA_Handle);
 241:Src/adc.c     ****   /* USER CODE BEGIN ADC1_MspDeInit 1 */
 242:Src/adc.c     **** 
ARM GAS  C:\Users\kotaro\AppData\Local\Temp\cc7oDtbZ.s 			page 14


 243:Src/adc.c     ****   /* USER CODE END ADC1_MspDeInit 1 */
 244:Src/adc.c     ****   }
 245:Src/adc.c     ****   else if(adcHandle->Instance==ADC2)
 477              		.loc 1 245 0
 478 000a 0F4A     		ldr	r2, .L39+4
 479 000c 9342     		cmp	r3, r2
 480 000e 0FD0     		beq	.L38
 481              	.LVL25:
 482              	.L33:
 246:Src/adc.c     ****   {
 247:Src/adc.c     ****   /* USER CODE BEGIN ADC2_MspDeInit 0 */
 248:Src/adc.c     **** 
 249:Src/adc.c     ****   /* USER CODE END ADC2_MspDeInit 0 */
 250:Src/adc.c     ****     /* Peripheral clock disable */
 251:Src/adc.c     ****     __HAL_RCC_ADC2_CLK_DISABLE();
 252:Src/adc.c     ****   
 253:Src/adc.c     ****     /**ADC2 GPIO Configuration    
 254:Src/adc.c     ****     PA4     ------> ADC2_IN4 
 255:Src/adc.c     ****     */
 256:Src/adc.c     ****     HAL_GPIO_DeInit(GPIOA, GPIO_PIN_4);
 257:Src/adc.c     **** 
 258:Src/adc.c     ****   /* USER CODE BEGIN ADC2_MspDeInit 1 */
 259:Src/adc.c     **** 
 260:Src/adc.c     ****   /* USER CODE END ADC2_MspDeInit 1 */
 261:Src/adc.c     ****   }
 262:Src/adc.c     **** } 
 483              		.loc 1 262 0
 484 0010 10BD     		pop	{r4, pc}
 485              	.LVL26:
 486              	.L37:
 487 0012 0446     		mov	r4, r0
 229:Src/adc.c     ****   
 488              		.loc 1 229 0
 489 0014 02F58C32 		add	r2, r2, #71680
 490 0018 536C     		ldr	r3, [r2, #68]
 491 001a 23F48073 		bic	r3, r3, #256
 492 001e 5364     		str	r3, [r2, #68]
 237:Src/adc.c     **** 
 493              		.loc 1 237 0
 494 0020 0F21     		movs	r1, #15
 495 0022 0A48     		ldr	r0, .L39+8
 496              	.LVL27:
 497 0024 FFF7FEFF 		bl	HAL_GPIO_DeInit
 498              	.LVL28:
 240:Src/adc.c     ****   /* USER CODE BEGIN ADC1_MspDeInit 1 */
 499              		.loc 1 240 0
 500 0028 A06B     		ldr	r0, [r4, #56]
 501 002a FFF7FEFF 		bl	HAL_DMA_DeInit
 502              	.LVL29:
 503 002e EFE7     		b	.L33
 504              	.LVL30:
 505              	.L38:
 251:Src/adc.c     ****   
 506              		.loc 1 251 0
 507 0030 074A     		ldr	r2, .L39+12
 508 0032 536C     		ldr	r3, [r2, #68]
 509 0034 23F40073 		bic	r3, r3, #512
ARM GAS  C:\Users\kotaro\AppData\Local\Temp\cc7oDtbZ.s 			page 15


 510 0038 5364     		str	r3, [r2, #68]
 256:Src/adc.c     **** 
 511              		.loc 1 256 0
 512 003a 1021     		movs	r1, #16
 513 003c 0348     		ldr	r0, .L39+8
 514              	.LVL31:
 515 003e FFF7FEFF 		bl	HAL_GPIO_DeInit
 516              	.LVL32:
 517              		.loc 1 262 0
 518 0042 E5E7     		b	.L33
 519              	.L40:
 520              		.align	2
 521              	.L39:
 522 0044 00200140 		.word	1073815552
 523 0048 00210140 		.word	1073815808
 524 004c 00000240 		.word	1073872896
 525 0050 00380240 		.word	1073887232
 526              		.cfi_endproc
 527              	.LFE129:
 529              		.comm	hdma_adc1,96,4
 530              		.comm	hadc2,72,4
 531              		.comm	hadc1,72,4
 532              		.section	.rodata.MX_ADC1_Init.str1.4,"aMS",%progbits,1
 533              		.align	2
 534              	.LC0:
 535 0000 5372632F 		.ascii	"Src/adc.c\000"
 535      6164632E 
 535      6300
 536              		.text
 537              	.Letext0:
 538              		.file 2 "c:\\program files (x86)\\gnu tools arm embedded\\7 2017-q4-major\\arm-none-eabi\\include\
 539              		.file 3 "c:\\program files (x86)\\gnu tools arm embedded\\7 2017-q4-major\\arm-none-eabi\\include\
 540              		.file 4 "Drivers/CMSIS/Include/core_cm4.h"
 541              		.file 5 "Drivers/CMSIS/Device/ST/STM32F4xx/Include/system_stm32f4xx.h"
 542              		.file 6 "Drivers/CMSIS/Device/ST/STM32F4xx/Include/stm32f405xx.h"
 543              		.file 7 "c:\\program files (x86)\\gnu tools arm embedded\\7 2017-q4-major\\arm-none-eabi\\include\
 544              		.file 8 "c:\\program files (x86)\\gnu tools arm embedded\\7 2017-q4-major\\arm-none-eabi\\include\
 545              		.file 9 "c:\\program files (x86)\\gnu tools arm embedded\\7 2017-q4-major\\lib\\gcc\\arm-none-eabi
 546              		.file 10 "c:\\program files (x86)\\gnu tools arm embedded\\7 2017-q4-major\\arm-none-eabi\\include
 547              		.file 11 "Drivers/CMSIS/Device/ST/STM32F4xx/Include/stm32f4xx.h"
 548              		.file 12 "Drivers/STM32F4xx_HAL_Driver/Inc/stm32f4xx_hal_def.h"
 549              		.file 13 "Drivers/STM32F4xx_HAL_Driver/Inc/stm32f4xx_hal_gpio.h"
 550              		.file 14 "Drivers/STM32F4xx_HAL_Driver/Inc/stm32f4xx_hal_dma.h"
 551              		.file 15 "Drivers/STM32F4xx_HAL_Driver/Inc/stm32f4xx_hal_adc.h"
 552              		.file 16 "Inc/adc.h"
 553              		.file 17 "Inc/dma.h"
ARM GAS  C:\Users\kotaro\AppData\Local\Temp\cc7oDtbZ.s 			page 16


DEFINED SYMBOLS
                            *ABS*:00000000 adc.c
C:\Users\kotaro\AppData\Local\Temp\cc7oDtbZ.s:18     .text.MX_ADC1_Init:00000000 $t
C:\Users\kotaro\AppData\Local\Temp\cc7oDtbZ.s:25     .text.MX_ADC1_Init:00000000 MX_ADC1_Init
C:\Users\kotaro\AppData\Local\Temp\cc7oDtbZ.s:178    .text.MX_ADC1_Init:000000b8 $d
                            *COM*:00000048 hadc1
C:\Users\kotaro\AppData\Local\Temp\cc7oDtbZ.s:186    .text.MX_ADC2_Init:00000000 $t
C:\Users\kotaro\AppData\Local\Temp\cc7oDtbZ.s:193    .text.MX_ADC2_Init:00000000 MX_ADC2_Init
C:\Users\kotaro\AppData\Local\Temp\cc7oDtbZ.s:284    .text.MX_ADC2_Init:00000060 $d
                            *COM*:00000048 hadc2
C:\Users\kotaro\AppData\Local\Temp\cc7oDtbZ.s:292    .text.HAL_ADC_MspInit:00000000 $t
C:\Users\kotaro\AppData\Local\Temp\cc7oDtbZ.s:299    .text.HAL_ADC_MspInit:00000000 HAL_ADC_MspInit
C:\Users\kotaro\AppData\Local\Temp\cc7oDtbZ.s:442    .text.HAL_ADC_MspInit:000000b0 $d
                            *COM*:00000060 hdma_adc1
C:\Users\kotaro\AppData\Local\Temp\cc7oDtbZ.s:453    .text.HAL_ADC_MspDeInit:00000000 $t
C:\Users\kotaro\AppData\Local\Temp\cc7oDtbZ.s:460    .text.HAL_ADC_MspDeInit:00000000 HAL_ADC_MspDeInit
C:\Users\kotaro\AppData\Local\Temp\cc7oDtbZ.s:522    .text.HAL_ADC_MspDeInit:00000044 $d
C:\Users\kotaro\AppData\Local\Temp\cc7oDtbZ.s:533    .rodata.MX_ADC1_Init.str1.4:00000000 $d

UNDEFINED SYMBOLS
HAL_ADC_Init
HAL_ADC_ConfigChannel
_Error_Handler
HAL_GPIO_Init
HAL_DMA_Init
HAL_GPIO_DeInit
HAL_DMA_DeInit
