ARM GAS  C:\Users\kotaro\AppData\Local\Temp\ccx0s63c.s 			page 1


   1              		.cpu cortex-m4
   2              		.eabi_attribute 27, 1
   3              		.eabi_attribute 28, 1
   4              		.eabi_attribute 20, 1
   5              		.eabi_attribute 21, 1
   6              		.eabi_attribute 23, 3
   7              		.eabi_attribute 24, 1
   8              		.eabi_attribute 25, 1
   9              		.eabi_attribute 26, 1
  10              		.eabi_attribute 30, 1
  11              		.eabi_attribute 34, 1
  12              		.eabi_attribute 18, 4
  13              		.file	"main.c"
  14              		.text
  15              	.Ltext0:
  16              		.cfi_sections	.debug_frame
  17              		.section	.text.__io_putchar,"ax",%progbits
  18              		.align	1
  19              		.global	__io_putchar
  20              		.syntax unified
  21              		.thumb
  22              		.thumb_func
  23              		.fpu fpv4-sp-d16
  25              	__io_putchar:
  26              	.LFB126:
  27              		.file 1 "Src/main.c"
   1:Src/main.c    **** /**
   2:Src/main.c    ****   ******************************************************************************
   3:Src/main.c    ****   * @file           : main.c
   4:Src/main.c    ****   * @brief          : Main program body
   5:Src/main.c    ****   ******************************************************************************
   6:Src/main.c    ****   ** This notice applies to any and all portions of this file
   7:Src/main.c    ****   * that are not between comment pairs USER CODE BEGIN and
   8:Src/main.c    ****   * USER CODE END. Other portions of this file, whether 
   9:Src/main.c    ****   * inserted by the user or by software development tools
  10:Src/main.c    ****   * are owned by their respective copyright owners.
  11:Src/main.c    ****   *
  12:Src/main.c    ****   * COPYRIGHT(c) 2019 STMicroelectronics
  13:Src/main.c    ****   *
  14:Src/main.c    ****   * Redistribution and use in source and binary forms, with or without modification,
  15:Src/main.c    ****   * are permitted provided that the following conditions are met:
  16:Src/main.c    ****   *   1. Redistributions of source code must retain the above copyright notice,
  17:Src/main.c    ****   *      this list of conditions and the following disclaimer.
  18:Src/main.c    ****   *   2. Redistributions in binary form must reproduce the above copyright notice,
  19:Src/main.c    ****   *      this list of conditions and the following disclaimer in the documentation
  20:Src/main.c    ****   *      and/or other materials provided with the distribution.
  21:Src/main.c    ****   *   3. Neither the name of STMicroelectronics nor the names of its contributors
  22:Src/main.c    ****   *      may be used to endorse or promote products derived from this software
  23:Src/main.c    ****   *      without specific prior written permission.
  24:Src/main.c    ****   *
  25:Src/main.c    ****   * THIS SOFTWARE IS PROVIDED BY THE COPYRIGHT HOLDERS AND CONTRIBUTORS "AS IS"
  26:Src/main.c    ****   * AND ANY EXPRESS OR IMPLIED WARRANTIES, INCLUDING, BUT NOT LIMITED TO, THE
  27:Src/main.c    ****   * IMPLIED WARRANTIES OF MERCHANTABILITY AND FITNESS FOR A PARTICULAR PURPOSE ARE
  28:Src/main.c    ****   * DISCLAIMED. IN NO EVENT SHALL THE COPYRIGHT HOLDER OR CONTRIBUTORS BE LIABLE
  29:Src/main.c    ****   * FOR ANY DIRECT, INDIRECT, INCIDENTAL, SPECIAL, EXEMPLARY, OR CONSEQUENTIAL
  30:Src/main.c    ****   * DAMAGES (INCLUDING, BUT NOT LIMITED TO, PROCUREMENT OF SUBSTITUTE GOODS OR
  31:Src/main.c    ****   * SERVICES; LOSS OF USE, DATA, OR PROFITS; OR BUSINESS INTERRUPTION) HOWEVER
ARM GAS  C:\Users\kotaro\AppData\Local\Temp\ccx0s63c.s 			page 2


  32:Src/main.c    ****   * CAUSED AND ON ANY THEORY OF LIABILITY, WHETHER IN CONTRACT, STRICT LIABILITY,
  33:Src/main.c    ****   * OR TORT (INCLUDING NEGLIGENCE OR OTHERWISE) ARISING IN ANY WAY OUT OF THE USE
  34:Src/main.c    ****   * OF THIS SOFTWARE, EVEN IF ADVISED OF THE POSSIBILITY OF SUCH DAMAGE.
  35:Src/main.c    ****   *
  36:Src/main.c    ****   ******************************************************************************
  37:Src/main.c    ****   */
  38:Src/main.c    **** /* Includes ------------------------------------------------------------------*/
  39:Src/main.c    **** #include "main.h"
  40:Src/main.c    **** #include "stm32f4xx_hal.h"
  41:Src/main.c    **** #include "adc.h"
  42:Src/main.c    **** #include "dma.h"
  43:Src/main.c    **** #include "spi.h"
  44:Src/main.c    **** #include "tim.h"
  45:Src/main.c    **** #include "usart.h"
  46:Src/main.c    **** #include "gpio.h"
  47:Src/main.c    **** 
  48:Src/main.c    **** /* USER CODE BEGIN Includes */
  49:Src/main.c    **** #include "stdint.h"
  50:Src/main.c    **** #include "filter.h"
  51:Src/main.c    **** #include "flash.h"
  52:Src/main.c    **** #include "interface.h"
  53:Src/main.c    **** #include "mode.h"
  54:Src/main.c    **** 
  55:Src/main.c    **** /* USER CODE END Includes */
  56:Src/main.c    **** 
  57:Src/main.c    **** /* Private variables ---------------------------------------------------------*/
  58:Src/main.c    **** 
  59:Src/main.c    **** /* USER CODE BEGIN PV */
  60:Src/main.c    **** #ifdef __GNUC__
  61:Src/main.c    **** #define PUTCHAR_PROTOTYPE int __io_putchar(int ch)
  62:Src/main.c    **** #else
  63:Src/main.c    **** #define PUTCHAR_PROTOTYPE int fputc(int ch, FILE *f)
  64:Src/main.c    **** #endif /* __GNUC__ */
  65:Src/main.c    **** void __io_putchar(uint8_t ch)
  66:Src/main.c    **** {
  28              		.loc 1 66 0
  29              		.cfi_startproc
  30              		@ args = 0, pretend = 0, frame = 8
  31              		@ frame_needed = 0, uses_anonymous_args = 0
  32              	.LVL0:
  33 0000 00B5     		push	{lr}
  34              	.LCFI0:
  35              		.cfi_def_cfa_offset 4
  36              		.cfi_offset 14, -4
  37 0002 83B0     		sub	sp, sp, #12
  38              	.LCFI1:
  39              		.cfi_def_cfa_offset 16
  40 0004 02A9     		add	r1, sp, #8
  41 0006 01F8010D 		strb	r0, [r1, #-1]!
  67:Src/main.c    ****   HAL_UART_Transmit(&huart3, &ch, 1, 1);
  42              		.loc 1 67 0
  43 000a 0123     		movs	r3, #1
  44 000c 1A46     		mov	r2, r3
  45 000e 0348     		ldr	r0, .L3
  46              	.LVL1:
  47 0010 FFF7FEFF 		bl	HAL_UART_Transmit
  48              	.LVL2:
ARM GAS  C:\Users\kotaro\AppData\Local\Temp\ccx0s63c.s 			page 3


  68:Src/main.c    **** }
  49              		.loc 1 68 0
  50 0014 03B0     		add	sp, sp, #12
  51              	.LCFI2:
  52              		.cfi_def_cfa_offset 4
  53              		@ sp needed
  54 0016 5DF804FB 		ldr	pc, [sp], #4
  55              	.L4:
  56 001a 00BF     		.align	2
  57              	.L3:
  58 001c 00000000 		.word	huart3
  59              		.cfi_endproc
  60              	.LFE126:
  62              		.global	__aeabi_f2d
  63              		.section	.text.Main_Init,"ax",%progbits
  64              		.align	1
  65              		.global	Main_Init
  66              		.syntax unified
  67              		.thumb
  68              		.thumb_func
  69              		.fpu fpv4-sp-d16
  71              	Main_Init:
  72              	.LFB129:
  69:Src/main.c    **** /* Private variables ---------------------------------------------------------*/
  70:Src/main.c    **** extern gyro_t gyro;
  71:Src/main.c    **** extern volatile unsigned char flag_front_wall;
  72:Src/main.c    **** /* USER CODE END PV */
  73:Src/main.c    **** 
  74:Src/main.c    **** /* Private function prototypes -----------------------------------------------*/
  75:Src/main.c    **** void SystemClock_Config(void);
  76:Src/main.c    **** 
  77:Src/main.c    **** /* USER CODE BEGIN PFP */
  78:Src/main.c    **** /* Private function prototypes -----------------------------------------------*/
  79:Src/main.c    **** void Main_Init(void);
  80:Src/main.c    **** /* USER CODE END PFP */
  81:Src/main.c    **** 
  82:Src/main.c    **** /* USER CODE BEGIN 0 */
  83:Src/main.c    **** 
  84:Src/main.c    **** /* USER CODE END 0 */
  85:Src/main.c    **** 
  86:Src/main.c    **** /**
  87:Src/main.c    ****   * @brief  The application entry point.
  88:Src/main.c    ****   *
  89:Src/main.c    ****   * @retval None
  90:Src/main.c    ****   */
  91:Src/main.c    **** int main(void)
  92:Src/main.c    **** {
  93:Src/main.c    ****   /* USER CODE BEGIN 1 */
  94:Src/main.c    **** 
  95:Src/main.c    ****   /* USER CODE END 1 */
  96:Src/main.c    **** 
  97:Src/main.c    ****   /* MCU Configuration----------------------------------------------------------*/
  98:Src/main.c    **** 
  99:Src/main.c    ****   /* Reset of all peripherals, Initializes the Flash interface and the Systick. */
 100:Src/main.c    ****   HAL_Init();
 101:Src/main.c    **** 
 102:Src/main.c    ****   /* USER CODE BEGIN Init */
ARM GAS  C:\Users\kotaro\AppData\Local\Temp\ccx0s63c.s 			page 4


 103:Src/main.c    **** 
 104:Src/main.c    ****   /* USER CODE END Init */
 105:Src/main.c    **** 
 106:Src/main.c    ****   /* Configure the system clock */
 107:Src/main.c    ****   SystemClock_Config();
 108:Src/main.c    **** 
 109:Src/main.c    ****   /* USER CODE BEGIN SysInit */
 110:Src/main.c    **** 
 111:Src/main.c    ****   /* USER CODE END SysInit */
 112:Src/main.c    **** 
 113:Src/main.c    ****   /* Initialize all configured peripherals */
 114:Src/main.c    ****   MX_GPIO_Init();
 115:Src/main.c    ****   MX_DMA_Init();
 116:Src/main.c    ****   MX_USART3_UART_Init();
 117:Src/main.c    ****   MX_TIM4_Init();
 118:Src/main.c    ****   MX_SPI2_Init();
 119:Src/main.c    ****   MX_TIM3_Init();
 120:Src/main.c    ****   MX_TIM2_Init();
 121:Src/main.c    ****   MX_TIM1_Init();
 122:Src/main.c    ****   MX_ADC1_Init();
 123:Src/main.c    ****   MX_ADC2_Init();
 124:Src/main.c    ****   /* USER CODE BEGIN 2 */
 125:Src/main.c    ****   Main_Init();
 126:Src/main.c    ****   /* USER CODE END 2 */
 127:Src/main.c    **** 
 128:Src/main.c    ****   /* Infinite loop */
 129:Src/main.c    ****   /* USER CODE BEGIN WHILE */
 130:Src/main.c    ****   while (1)
 131:Src/main.c    ****   {
 132:Src/main.c    ****     Mode_Mouse(Mode_Select());
 133:Src/main.c    ****   /* USER CODE END WHILE */
 134:Src/main.c    **** 
 135:Src/main.c    ****   /* USER CODE BEGIN 3 */
 136:Src/main.c    ****   }
 137:Src/main.c    ****   /* USER CODE END 3 */
 138:Src/main.c    **** 
 139:Src/main.c    **** }
 140:Src/main.c    **** 
 141:Src/main.c    **** /**
 142:Src/main.c    ****   * @brief System Clock Configuration
 143:Src/main.c    ****   * @retval None
 144:Src/main.c    ****   */
 145:Src/main.c    **** void SystemClock_Config(void)
 146:Src/main.c    **** {
 147:Src/main.c    **** 
 148:Src/main.c    ****   RCC_OscInitTypeDef RCC_OscInitStruct;
 149:Src/main.c    ****   RCC_ClkInitTypeDef RCC_ClkInitStruct;
 150:Src/main.c    **** 
 151:Src/main.c    ****     /**Configure the main internal regulator output voltage 
 152:Src/main.c    ****     */
 153:Src/main.c    ****   __HAL_RCC_PWR_CLK_ENABLE();
 154:Src/main.c    **** 
 155:Src/main.c    ****   __HAL_PWR_VOLTAGESCALING_CONFIG(PWR_REGULATOR_VOLTAGE_SCALE1);
 156:Src/main.c    **** 
 157:Src/main.c    ****     /**Initializes the CPU, AHB and APB busses clocks 
 158:Src/main.c    ****     */
 159:Src/main.c    ****   RCC_OscInitStruct.OscillatorType = RCC_OSCILLATORTYPE_HSI;
ARM GAS  C:\Users\kotaro\AppData\Local\Temp\ccx0s63c.s 			page 5


 160:Src/main.c    ****   RCC_OscInitStruct.HSIState = RCC_HSI_ON;
 161:Src/main.c    ****   RCC_OscInitStruct.HSICalibrationValue = 16;
 162:Src/main.c    ****   RCC_OscInitStruct.PLL.PLLState = RCC_PLL_ON;
 163:Src/main.c    ****   RCC_OscInitStruct.PLL.PLLSource = RCC_PLLSOURCE_HSI;
 164:Src/main.c    ****   RCC_OscInitStruct.PLL.PLLM = 8;
 165:Src/main.c    ****   RCC_OscInitStruct.PLL.PLLN = 80;
 166:Src/main.c    ****   RCC_OscInitStruct.PLL.PLLP = RCC_PLLP_DIV2;
 167:Src/main.c    ****   RCC_OscInitStruct.PLL.PLLQ = 4;
 168:Src/main.c    ****   if (HAL_RCC_OscConfig(&RCC_OscInitStruct) != HAL_OK)
 169:Src/main.c    ****   {
 170:Src/main.c    ****     _Error_Handler(__FILE__, __LINE__);
 171:Src/main.c    ****   }
 172:Src/main.c    **** 
 173:Src/main.c    ****     /**Initializes the CPU, AHB and APB busses clocks 
 174:Src/main.c    ****     */
 175:Src/main.c    ****   RCC_ClkInitStruct.ClockType = RCC_CLOCKTYPE_HCLK|RCC_CLOCKTYPE_SYSCLK
 176:Src/main.c    ****                               |RCC_CLOCKTYPE_PCLK1|RCC_CLOCKTYPE_PCLK2;
 177:Src/main.c    ****   RCC_ClkInitStruct.SYSCLKSource = RCC_SYSCLKSOURCE_PLLCLK;
 178:Src/main.c    ****   RCC_ClkInitStruct.AHBCLKDivider = RCC_SYSCLK_DIV1;
 179:Src/main.c    ****   RCC_ClkInitStruct.APB1CLKDivider = RCC_HCLK_DIV2;
 180:Src/main.c    ****   RCC_ClkInitStruct.APB2CLKDivider = RCC_HCLK_DIV1;
 181:Src/main.c    **** 
 182:Src/main.c    ****   if (HAL_RCC_ClockConfig(&RCC_ClkInitStruct, FLASH_LATENCY_2) != HAL_OK)
 183:Src/main.c    ****   {
 184:Src/main.c    ****     _Error_Handler(__FILE__, __LINE__);
 185:Src/main.c    ****   }
 186:Src/main.c    **** 
 187:Src/main.c    ****     /**Configure the Systick interrupt time 
 188:Src/main.c    ****     */
 189:Src/main.c    ****   HAL_SYSTICK_Config(HAL_RCC_GetHCLKFreq()/1000);
 190:Src/main.c    **** 
 191:Src/main.c    ****     /**Configure the Systick 
 192:Src/main.c    ****     */
 193:Src/main.c    ****   HAL_SYSTICK_CLKSourceConfig(SYSTICK_CLKSOURCE_HCLK);
 194:Src/main.c    **** 
 195:Src/main.c    ****   /* SysTick_IRQn interrupt configuration */
 196:Src/main.c    ****   HAL_NVIC_SetPriority(SysTick_IRQn, 15, 0);
 197:Src/main.c    **** }
 198:Src/main.c    **** 
 199:Src/main.c    **** /* USER CODE BEGIN 4 */
 200:Src/main.c    **** /****************************************************************************************
 201:Src/main.c    ****  * outline  : init main(setbuf,tim5,3,4,gyro,battery,flag,ms_count)
 202:Src/main.c    ****  * argument : void
 203:Src/main.c    ****  * return   : void
 204:Src/main.c    **** ********************************************************************************************/
 205:Src/main.c    **** void Main_Init(void)
 206:Src/main.c    **** {
  73              		.loc 1 206 0
  74              		.cfi_startproc
  75              		@ args = 0, pretend = 0, frame = 0
  76              		@ frame_needed = 0, uses_anonymous_args = 0
  77 0000 08B5     		push	{r3, lr}
  78              	.LCFI3:
  79              		.cfi_def_cfa_offset 8
  80              		.cfi_offset 3, -8
  81              		.cfi_offset 14, -4
 207:Src/main.c    ****   //start check
ARM GAS  C:\Users\kotaro\AppData\Local\Temp\ccx0s63c.s 			page 6


 208:Src/main.c    ****   Output_Buzzer(HZ_B);
  82              		.loc 1 208 0
  83 0002 5120     		movs	r0, #81
  84 0004 FFF7FEFF 		bl	Output_Buzzer
  85              	.LVL3:
 209:Src/main.c    ****   Output_Buzzer(HZ_A);
  86              		.loc 1 209 0
  87 0008 5B20     		movs	r0, #91
  88 000a FFF7FEFF 		bl	Output_Buzzer
  89              	.LVL4:
 210:Src/main.c    ****   //printf
 211:Src/main.c    ****   setbuf(stdout, NULL);
  90              		.loc 1 211 0
  91 000e 104B     		ldr	r3, .L7
  92 0010 1B68     		ldr	r3, [r3]
  93 0012 0021     		movs	r1, #0
  94 0014 9868     		ldr	r0, [r3, #8]
  95 0016 FFF7FEFF 		bl	setbuf
  96              	.LVL5:
 212:Src/main.c    ****   //tim start
 213:Src/main.c    ****   HAL_TIM_Encoder_Start(&htim3, TIM_CHANNEL_ALL);
  97              		.loc 1 213 0
  98 001a 1821     		movs	r1, #24
  99 001c 0D48     		ldr	r0, .L7+4
 100 001e FFF7FEFF 		bl	HAL_TIM_Encoder_Start
 101              	.LVL6:
 214:Src/main.c    ****   HAL_TIM_Encoder_Start(&htim4, TIM_CHANNEL_ALL);
 102              		.loc 1 214 0
 103 0022 1821     		movs	r1, #24
 104 0024 0C48     		ldr	r0, .L7+8
 105 0026 FFF7FEFF 		bl	HAL_TIM_Encoder_Start
 106              	.LVL7:
 215:Src/main.c    ****   //reset
 216:Src/main.c    ****   flag_front_wall=0;
 107              		.loc 1 216 0
 108 002a 0C4B     		ldr	r3, .L7+12
 109 002c 0022     		movs	r2, #0
 110 002e 1A70     		strb	r2, [r3]
 217:Src/main.c    ****   //Reset_Value();
 218:Src/main.c    ****   //sensor set
 219:Src/main.c    ****   setSensorConstant();
 111              		.loc 1 219 0
 112 0030 FFF7FEFF 		bl	setSensorConstant
 113              	.LVL8:
 220:Src/main.c    ****   //gyro
 221:Src/main.c    ****   set_mpu6500();
 114              		.loc 1 221 0
 115 0034 FFF7FEFF 		bl	set_mpu6500
 116              	.LVL9:
 222:Src/main.c    ****   //battry check
 223:Src/main.c    ****   printf("%f\r\n",Filter_GetBatt());
 117              		.loc 1 223 0
 118 0038 FFF7FEFF 		bl	Filter_GetBatt
 119              	.LVL10:
 120 003c 10EE100A 		vmov	r0, s0
 121 0040 FFF7FEFF 		bl	__aeabi_f2d
 122              	.LVL11:
ARM GAS  C:\Users\kotaro\AppData\Local\Temp\ccx0s63c.s 			page 7


 123 0044 0246     		mov	r2, r0
 124 0046 0B46     		mov	r3, r1
 125 0048 0548     		ldr	r0, .L7+16
 126 004a FFF7FEFF 		bl	printf
 127              	.LVL12:
 224:Src/main.c    **** }
 128              		.loc 1 224 0
 129 004e 08BD     		pop	{r3, pc}
 130              	.L8:
 131              		.align	2
 132              	.L7:
 133 0050 00000000 		.word	_impure_ptr
 134 0054 00000000 		.word	htim3
 135 0058 00000000 		.word	htim4
 136 005c 00000000 		.word	flag_front_wall
 137 0060 00000000 		.word	.LC0
 138              		.cfi_endproc
 139              	.LFE129:
 141              		.section	.text._Error_Handler,"ax",%progbits
 142              		.align	1
 143              		.global	_Error_Handler
 144              		.syntax unified
 145              		.thumb
 146              		.thumb_func
 147              		.fpu fpv4-sp-d16
 149              	_Error_Handler:
 150              	.LFB130:
 225:Src/main.c    **** /* USER CODE END 4 */
 226:Src/main.c    **** 
 227:Src/main.c    **** /**
 228:Src/main.c    ****   * @brief  This function is executed in case of error occurrence.
 229:Src/main.c    ****   * @param  file: The file name as string.
 230:Src/main.c    ****   * @param  line: The line in file as a number.
 231:Src/main.c    ****   * @retval None
 232:Src/main.c    ****   */
 233:Src/main.c    **** void _Error_Handler(char *file, int line)
 234:Src/main.c    **** {
 151              		.loc 1 234 0
 152              		.cfi_startproc
 153              		@ Volatile: function does not return.
 154              		@ args = 0, pretend = 0, frame = 0
 155              		@ frame_needed = 0, uses_anonymous_args = 0
 156              		@ link register save eliminated.
 157              	.LVL13:
 158              	.L10:
 159 0000 FEE7     		b	.L10
 160              		.cfi_endproc
 161              	.LFE130:
 163              		.section	.text.SystemClock_Config,"ax",%progbits
 164              		.align	1
 165              		.global	SystemClock_Config
 166              		.syntax unified
 167              		.thumb
 168              		.thumb_func
 169              		.fpu fpv4-sp-d16
 171              	SystemClock_Config:
 172              	.LFB128:
ARM GAS  C:\Users\kotaro\AppData\Local\Temp\ccx0s63c.s 			page 8


 146:Src/main.c    **** 
 173              		.loc 1 146 0
 174              		.cfi_startproc
 175              		@ args = 0, pretend = 0, frame = 80
 176              		@ frame_needed = 0, uses_anonymous_args = 0
 146:Src/main.c    **** 
 177              		.loc 1 146 0
 178 0000 00B5     		push	{lr}
 179              	.LCFI4:
 180              		.cfi_def_cfa_offset 4
 181              		.cfi_offset 14, -4
 182 0002 95B0     		sub	sp, sp, #84
 183              	.LCFI5:
 184              		.cfi_def_cfa_offset 88
 185              	.LBB2:
 153:Src/main.c    **** 
 186              		.loc 1 153 0
 187 0004 0022     		movs	r2, #0
 188 0006 0192     		str	r2, [sp, #4]
 189 0008 284B     		ldr	r3, .L17
 190 000a 196C     		ldr	r1, [r3, #64]
 191 000c 41F08051 		orr	r1, r1, #268435456
 192 0010 1964     		str	r1, [r3, #64]
 193 0012 1B6C     		ldr	r3, [r3, #64]
 194 0014 03F08053 		and	r3, r3, #268435456
 195 0018 0193     		str	r3, [sp, #4]
 196 001a 019B     		ldr	r3, [sp, #4]
 197              	.LBE2:
 198              	.LBB3:
 155:Src/main.c    **** 
 199              		.loc 1 155 0
 200 001c 0292     		str	r2, [sp, #8]
 201 001e 244B     		ldr	r3, .L17+4
 202 0020 1968     		ldr	r1, [r3]
 203 0022 41F48041 		orr	r1, r1, #16384
 204 0026 1960     		str	r1, [r3]
 205 0028 1B68     		ldr	r3, [r3]
 206 002a 03F48043 		and	r3, r3, #16384
 207 002e 0293     		str	r3, [sp, #8]
 208 0030 029B     		ldr	r3, [sp, #8]
 209              	.LBE3:
 159:Src/main.c    ****   RCC_OscInitStruct.HSIState = RCC_HSI_ON;
 210              		.loc 1 159 0
 211 0032 0223     		movs	r3, #2
 212 0034 0893     		str	r3, [sp, #32]
 160:Src/main.c    ****   RCC_OscInitStruct.HSICalibrationValue = 16;
 213              		.loc 1 160 0
 214 0036 0121     		movs	r1, #1
 215 0038 0B91     		str	r1, [sp, #44]
 161:Src/main.c    ****   RCC_OscInitStruct.PLL.PLLState = RCC_PLL_ON;
 216              		.loc 1 161 0
 217 003a 1021     		movs	r1, #16
 218 003c 0C91     		str	r1, [sp, #48]
 162:Src/main.c    ****   RCC_OscInitStruct.PLL.PLLSource = RCC_PLLSOURCE_HSI;
 219              		.loc 1 162 0
 220 003e 0E93     		str	r3, [sp, #56]
 163:Src/main.c    ****   RCC_OscInitStruct.PLL.PLLM = 8;
ARM GAS  C:\Users\kotaro\AppData\Local\Temp\ccx0s63c.s 			page 9


 221              		.loc 1 163 0
 222 0040 0F92     		str	r2, [sp, #60]
 164:Src/main.c    ****   RCC_OscInitStruct.PLL.PLLN = 80;
 223              		.loc 1 164 0
 224 0042 0822     		movs	r2, #8
 225 0044 1092     		str	r2, [sp, #64]
 165:Src/main.c    ****   RCC_OscInitStruct.PLL.PLLP = RCC_PLLP_DIV2;
 226              		.loc 1 165 0
 227 0046 5022     		movs	r2, #80
 228 0048 1192     		str	r2, [sp, #68]
 166:Src/main.c    ****   RCC_OscInitStruct.PLL.PLLQ = 4;
 229              		.loc 1 166 0
 230 004a 1293     		str	r3, [sp, #72]
 167:Src/main.c    ****   if (HAL_RCC_OscConfig(&RCC_OscInitStruct) != HAL_OK)
 231              		.loc 1 167 0
 232 004c 0423     		movs	r3, #4
 233 004e 1393     		str	r3, [sp, #76]
 168:Src/main.c    ****   {
 234              		.loc 1 168 0
 235 0050 08A8     		add	r0, sp, #32
 236 0052 FFF7FEFF 		bl	HAL_RCC_OscConfig
 237              	.LVL14:
 238 0056 08BB     		cbnz	r0, .L15
 175:Src/main.c    ****                               |RCC_CLOCKTYPE_PCLK1|RCC_CLOCKTYPE_PCLK2;
 239              		.loc 1 175 0
 240 0058 0F23     		movs	r3, #15
 241 005a 0393     		str	r3, [sp, #12]
 177:Src/main.c    ****   RCC_ClkInitStruct.AHBCLKDivider = RCC_SYSCLK_DIV1;
 242              		.loc 1 177 0
 243 005c 0221     		movs	r1, #2
 244 005e 0491     		str	r1, [sp, #16]
 178:Src/main.c    ****   RCC_ClkInitStruct.APB1CLKDivider = RCC_HCLK_DIV2;
 245              		.loc 1 178 0
 246 0060 0023     		movs	r3, #0
 247 0062 0593     		str	r3, [sp, #20]
 179:Src/main.c    ****   RCC_ClkInitStruct.APB2CLKDivider = RCC_HCLK_DIV1;
 248              		.loc 1 179 0
 249 0064 4FF48052 		mov	r2, #4096
 250 0068 0692     		str	r2, [sp, #24]
 180:Src/main.c    **** 
 251              		.loc 1 180 0
 252 006a 0793     		str	r3, [sp, #28]
 182:Src/main.c    ****   {
 253              		.loc 1 182 0
 254 006c 03A8     		add	r0, sp, #12
 255 006e FFF7FEFF 		bl	HAL_RCC_ClockConfig
 256              	.LVL15:
 257 0072 B8B9     		cbnz	r0, .L16
 189:Src/main.c    **** 
 258              		.loc 1 189 0
 259 0074 FFF7FEFF 		bl	HAL_RCC_GetHCLKFreq
 260              	.LVL16:
 261 0078 0E4B     		ldr	r3, .L17+8
 262 007a A3FB0030 		umull	r3, r0, r3, r0
 263 007e 8009     		lsrs	r0, r0, #6
 264 0080 FFF7FEFF 		bl	HAL_SYSTICK_Config
 265              	.LVL17:
ARM GAS  C:\Users\kotaro\AppData\Local\Temp\ccx0s63c.s 			page 10


 193:Src/main.c    **** 
 266              		.loc 1 193 0
 267 0084 0420     		movs	r0, #4
 268 0086 FFF7FEFF 		bl	HAL_SYSTICK_CLKSourceConfig
 269              	.LVL18:
 196:Src/main.c    **** }
 270              		.loc 1 196 0
 271 008a 0022     		movs	r2, #0
 272 008c 0F21     		movs	r1, #15
 273 008e 4FF0FF30 		mov	r0, #-1
 274 0092 FFF7FEFF 		bl	HAL_NVIC_SetPriority
 275              	.LVL19:
 197:Src/main.c    **** 
 276              		.loc 1 197 0
 277 0096 15B0     		add	sp, sp, #84
 278              	.LCFI6:
 279              		.cfi_remember_state
 280              		.cfi_def_cfa_offset 4
 281              		@ sp needed
 282 0098 5DF804FB 		ldr	pc, [sp], #4
 283              	.L15:
 284              	.LCFI7:
 285              		.cfi_restore_state
 170:Src/main.c    ****   }
 286              		.loc 1 170 0
 287 009c AA21     		movs	r1, #170
 288 009e 0648     		ldr	r0, .L17+12
 289 00a0 FFF7FEFF 		bl	_Error_Handler
 290              	.LVL20:
 291              	.L16:
 184:Src/main.c    ****   }
 292              		.loc 1 184 0
 293 00a4 B821     		movs	r1, #184
 294 00a6 0448     		ldr	r0, .L17+12
 295 00a8 FFF7FEFF 		bl	_Error_Handler
 296              	.LVL21:
 297              	.L18:
 298              		.align	2
 299              	.L17:
 300 00ac 00380240 		.word	1073887232
 301 00b0 00700040 		.word	1073770496
 302 00b4 D34D6210 		.word	274877907
 303 00b8 00000000 		.word	.LC1
 304              		.cfi_endproc
 305              	.LFE128:
 307              		.section	.text.main,"ax",%progbits
 308              		.align	1
 309              		.global	main
 310              		.syntax unified
 311              		.thumb
 312              		.thumb_func
 313              		.fpu fpv4-sp-d16
 315              	main:
 316              	.LFB127:
  92:Src/main.c    ****   /* USER CODE BEGIN 1 */
 317              		.loc 1 92 0
 318              		.cfi_startproc
ARM GAS  C:\Users\kotaro\AppData\Local\Temp\ccx0s63c.s 			page 11


 319              		@ Volatile: function does not return.
 320              		@ args = 0, pretend = 0, frame = 0
 321              		@ frame_needed = 0, uses_anonymous_args = 0
 322 0000 08B5     		push	{r3, lr}
 323              	.LCFI8:
 324              		.cfi_def_cfa_offset 8
 325              		.cfi_offset 3, -8
 326              		.cfi_offset 14, -4
 100:Src/main.c    **** 
 327              		.loc 1 100 0
 328 0002 FFF7FEFF 		bl	HAL_Init
 329              	.LVL22:
 107:Src/main.c    **** 
 330              		.loc 1 107 0
 331 0006 FFF7FEFF 		bl	SystemClock_Config
 332              	.LVL23:
 114:Src/main.c    ****   MX_DMA_Init();
 333              		.loc 1 114 0
 334 000a FFF7FEFF 		bl	MX_GPIO_Init
 335              	.LVL24:
 115:Src/main.c    ****   MX_USART3_UART_Init();
 336              		.loc 1 115 0
 337 000e FFF7FEFF 		bl	MX_DMA_Init
 338              	.LVL25:
 116:Src/main.c    ****   MX_TIM4_Init();
 339              		.loc 1 116 0
 340 0012 FFF7FEFF 		bl	MX_USART3_UART_Init
 341              	.LVL26:
 117:Src/main.c    ****   MX_SPI2_Init();
 342              		.loc 1 117 0
 343 0016 FFF7FEFF 		bl	MX_TIM4_Init
 344              	.LVL27:
 118:Src/main.c    ****   MX_TIM3_Init();
 345              		.loc 1 118 0
 346 001a FFF7FEFF 		bl	MX_SPI2_Init
 347              	.LVL28:
 119:Src/main.c    ****   MX_TIM2_Init();
 348              		.loc 1 119 0
 349 001e FFF7FEFF 		bl	MX_TIM3_Init
 350              	.LVL29:
 120:Src/main.c    ****   MX_TIM1_Init();
 351              		.loc 1 120 0
 352 0022 FFF7FEFF 		bl	MX_TIM2_Init
 353              	.LVL30:
 121:Src/main.c    ****   MX_ADC1_Init();
 354              		.loc 1 121 0
 355 0026 FFF7FEFF 		bl	MX_TIM1_Init
 356              	.LVL31:
 122:Src/main.c    ****   MX_ADC2_Init();
 357              		.loc 1 122 0
 358 002a FFF7FEFF 		bl	MX_ADC1_Init
 359              	.LVL32:
 123:Src/main.c    ****   /* USER CODE BEGIN 2 */
 360              		.loc 1 123 0
 361 002e FFF7FEFF 		bl	MX_ADC2_Init
 362              	.LVL33:
 125:Src/main.c    ****   /* USER CODE END 2 */
ARM GAS  C:\Users\kotaro\AppData\Local\Temp\ccx0s63c.s 			page 12


 363              		.loc 1 125 0
 364 0032 FFF7FEFF 		bl	Main_Init
 365              	.LVL34:
 366              	.L20:
 132:Src/main.c    ****   /* USER CODE END WHILE */
 367              		.loc 1 132 0 discriminator 1
 368 0036 FFF7FEFF 		bl	Mode_Select
 369              	.LVL35:
 370 003a FFF7FEFF 		bl	Mode_Mouse
 371              	.LVL36:
 372 003e FAE7     		b	.L20
 373              		.cfi_endproc
 374              	.LFE127:
 376              		.section	.rodata.Main_Init.str1.4,"aMS",%progbits,1
 377              		.align	2
 378              	.LC0:
 379 0000 25660D0A 		.ascii	"%f\015\012\000"
 379      00
 380              		.section	.rodata.SystemClock_Config.str1.4,"aMS",%progbits,1
 381              		.align	2
 382              	.LC1:
 383 0000 5372632F 		.ascii	"Src/main.c\000"
 383      6D61696E 
 383      2E6300
 384              		.text
 385              	.Letext0:
 386              		.file 2 "c:\\program files (x86)\\gnu tools arm embedded\\7 2017-q4-major\\arm-none-eabi\\include\
 387              		.file 3 "c:\\program files (x86)\\gnu tools arm embedded\\7 2017-q4-major\\arm-none-eabi\\include\
 388              		.file 4 "Drivers/CMSIS/Include/core_cm4.h"
 389              		.file 5 "Drivers/CMSIS/Device/ST/STM32F4xx/Include/system_stm32f4xx.h"
 390              		.file 6 "Drivers/CMSIS/Device/ST/STM32F4xx/Include/stm32f405xx.h"
 391              		.file 7 "c:\\program files (x86)\\gnu tools arm embedded\\7 2017-q4-major\\arm-none-eabi\\include\
 392              		.file 8 "c:\\program files (x86)\\gnu tools arm embedded\\7 2017-q4-major\\arm-none-eabi\\include\
 393              		.file 9 "c:\\program files (x86)\\gnu tools arm embedded\\7 2017-q4-major\\lib\\gcc\\arm-none-eabi
 394              		.file 10 "c:\\program files (x86)\\gnu tools arm embedded\\7 2017-q4-major\\arm-none-eabi\\include
 395              		.file 11 "Drivers/STM32F4xx_HAL_Driver/Inc/stm32f4xx_hal_def.h"
 396              		.file 12 "Drivers/STM32F4xx_HAL_Driver/Inc/stm32f4xx_hal_rcc_ex.h"
 397              		.file 13 "Drivers/STM32F4xx_HAL_Driver/Inc/stm32f4xx_hal_rcc.h"
 398              		.file 14 "Drivers/STM32F4xx_HAL_Driver/Inc/stm32f4xx_hal_dma.h"
 399              		.file 15 "Drivers/STM32F4xx_HAL_Driver/Inc/stm32f4xx_hal_adc.h"
 400              		.file 16 "Drivers/STM32F4xx_HAL_Driver/Inc/stm32f4xx_hal_spi.h"
 401              		.file 17 "Drivers/STM32F4xx_HAL_Driver/Inc/stm32f4xx_hal_tim.h"
 402              		.file 18 "Drivers/STM32F4xx_HAL_Driver/Inc/stm32f4xx_hal_uart.h"
 403              		.file 19 "Inc/adc.h"
 404              		.file 20 "Inc/spi.h"
 405              		.file 21 "Inc/tim.h"
 406              		.file 22 "Inc/usart.h"
 407              		.file 23 "Inc/flash.h"
 408              		.file 24 "Inc/interface.h"
 409              		.file 25 "c:\\program files (x86)\\gnu tools arm embedded\\7 2017-q4-major\\arm-none-eabi\\include
 410              		.file 26 "Inc/filter.h"
 411              		.file 27 "Drivers/STM32F4xx_HAL_Driver/Inc/stm32f4xx_hal_cortex.h"
 412              		.file 28 "Drivers/STM32F4xx_HAL_Driver/Inc/stm32f4xx_hal.h"
 413              		.file 29 "Inc/gpio.h"
 414              		.file 30 "Inc/dma.h"
 415              		.file 31 "Inc/mode.h"
ARM GAS  C:\Users\kotaro\AppData\Local\Temp\ccx0s63c.s 			page 13


DEFINED SYMBOLS
                            *ABS*:00000000 main.c
C:\Users\kotaro\AppData\Local\Temp\ccx0s63c.s:18     .text.__io_putchar:00000000 $t
C:\Users\kotaro\AppData\Local\Temp\ccx0s63c.s:25     .text.__io_putchar:00000000 __io_putchar
C:\Users\kotaro\AppData\Local\Temp\ccx0s63c.s:58     .text.__io_putchar:0000001c $d
C:\Users\kotaro\AppData\Local\Temp\ccx0s63c.s:64     .text.Main_Init:00000000 $t
C:\Users\kotaro\AppData\Local\Temp\ccx0s63c.s:71     .text.Main_Init:00000000 Main_Init
C:\Users\kotaro\AppData\Local\Temp\ccx0s63c.s:133    .text.Main_Init:00000050 $d
C:\Users\kotaro\AppData\Local\Temp\ccx0s63c.s:142    .text._Error_Handler:00000000 $t
C:\Users\kotaro\AppData\Local\Temp\ccx0s63c.s:149    .text._Error_Handler:00000000 _Error_Handler
C:\Users\kotaro\AppData\Local\Temp\ccx0s63c.s:164    .text.SystemClock_Config:00000000 $t
C:\Users\kotaro\AppData\Local\Temp\ccx0s63c.s:171    .text.SystemClock_Config:00000000 SystemClock_Config
C:\Users\kotaro\AppData\Local\Temp\ccx0s63c.s:300    .text.SystemClock_Config:000000ac $d
C:\Users\kotaro\AppData\Local\Temp\ccx0s63c.s:308    .text.main:00000000 $t
C:\Users\kotaro\AppData\Local\Temp\ccx0s63c.s:315    .text.main:00000000 main
C:\Users\kotaro\AppData\Local\Temp\ccx0s63c.s:377    .rodata.Main_Init.str1.4:00000000 $d
C:\Users\kotaro\AppData\Local\Temp\ccx0s63c.s:381    .rodata.SystemClock_Config.str1.4:00000000 $d

UNDEFINED SYMBOLS
HAL_UART_Transmit
huart3
__aeabi_f2d
Output_Buzzer
setbuf
HAL_TIM_Encoder_Start
setSensorConstant
set_mpu6500
Filter_GetBatt
printf
_impure_ptr
htim3
htim4
flag_front_wall
HAL_RCC_OscConfig
HAL_RCC_ClockConfig
HAL_RCC_GetHCLKFreq
HAL_SYSTICK_Config
HAL_SYSTICK_CLKSourceConfig
HAL_NVIC_SetPriority
HAL_Init
MX_GPIO_Init
MX_DMA_Init
MX_USART3_UART_Init
MX_TIM4_Init
MX_SPI2_Init
MX_TIM3_Init
MX_TIM2_Init
MX_TIM1_Init
MX_ADC1_Init
MX_ADC2_Init
Mode_Select
Mode_Mouse
